2020.05.25 15:48:33.750 周一,131141143,Fred,周一,上午,1号机房,待审核
2020.05.25 15:48:39.222 周一,131141143,Fred,周一,下午,2号机房,待审核
2020.05.25 15:57:52.674 周一,131141101,Lily,周一,上午,1号机房,待审核
2020.05.25 15:57:56.418 周一,131141101,Lily,周一,上午,2号机房,待审核
2020.05.25 15:58:03.634 周一,131141101,Lily,周一,上午,3号机房,待审核
2020.05.25 15:58:11.155 周一,131141101,Lily,周二,上午,1号机房,待审核
2020.05.25 16:20:52.647 周一,131141143,Fred,周一,上午,1号机房,待审核
2020.05.25 16:20:59.271 周一,131141143,Fred,周一,上午,2号机房,待审核
2020.05.25 16:21:03.847 周一,131141143,Fred,周一,下午,2号机房,待审核
2020.05.26 14:39:31.841 周二,131141143,Fred,周三,上午,2号机房,待审核
2020.05.26 14:43:06.839 周二,131141143,Fred,周五,上午,2号机房,待审核
2020.05.26 14:43:24.599 周二,131141143,Fred,周五,上午,2号机房,取消
2020.05.26 14:43:29.718 周二,131141143,Fred,周一,上午,2号机房,取消
2020.05.26 14:44:14.895 周二,131141143,Fred,周五,上午,2号机房,待审核
2020.05.26 14:45:19.406 周二,131141143,Fred,周一,下午,1号机房,待审核
2020.05.26 15:11:43.980 周二,131141143,Fred,周一,上午,1号机房,待审核
2020.05.26 15:12:00.587 周二,131141143,Fred,周一,下午,1号机房,待审核
2020.05.26 15:14:24.739 周二,131141143,Fred,周二,上午,1号机房,待审核
2020.05.26 15:17:03.939 周二,131141143,Fred,周一,上午,1号机房,待审核
2020.05.26 15:17:07.827 周二,131141143,Fred,周一,下午,1号机房,待审核
2020.05.26 15:17:14.938 周二,131141143,Fred,周二,上午,1号机房,待审核
2020.05.26 15:17:18.867 周二,131141143,Fred,周二,下午,1号机房,待审核
2020.05.26 15:17:43.890 周二,131141143,Fred,周三,上午,2号机房,待审核
2020.05.26 15:18:07.538 周二,131141143,Fred,周三,下午,3号机房,待审核
2020.05.26 15:38:33.863 周二,131141143,Fred,周一,上午,1号机房,取消
2020.05.26 15:39:13.686 周二,131141143,Fred,周一,上午,1号机房,取消
2020.05.26 15:39:43.497 周二,131141143,Fred,周一,上午,1号机房,取消
2020.05.26 15:39:48.043 周二,131141143,Fred,周一,下午,1号机房,取消
2020.05.26 15:39:57.785 周二,131141143,Fred,周三,下午,3号机房,取消
